<?xml version="1.0" encoding="UTF-8"?>
<testng-results ignored="0" total="1" passed="1" failed="0" skipped="0">
  <reporter-output>
  </reporter-output>
  <suite started-at="2018-06-26T15:59:06Z" name="Default suite" finished-at="2018-06-26T15:59:28Z" duration-ms="22264">
    <groups>
    </groups>
    <test started-at="2018-06-26T15:59:06Z" name="Default test" finished-at="2018-06-26T15:59:28Z" duration-ms="22264">
      <class name="CEF.ToolStorage">
        <test-method signature="ToolStorage()[pri:0, instance:CEF.ToolStorage@38102d01]" started-at="2018-06-26T15:59:06Z" name="ToolStorage" finished-at="2018-06-26T15:59:28Z" duration-ms="22217" status="PASS">
          <reporter-output>
          </reporter-output>
        </test-method> <!-- ToolStorage -->
      </class> <!-- CEF.ToolStorage -->
    </test> <!-- Default test -->
  </suite> <!-- Default suite -->
</testng-results>
