<?xml version="1.0" encoding="UTF-8"?>
<testng-results ignored="0" total="1" passed="1" failed="0" skipped="0">
  <reporter-output>
  </reporter-output>
  <suite started-at="2018-11-29T10:04:55Z" name="Default suite" finished-at="2018-11-29T10:05:02Z" duration-ms="7309">
    <groups>
    </groups>
    <test started-at="2018-11-29T10:04:55Z" name="Default test" finished-at="2018-11-29T10:05:02Z" duration-ms="7309">
      <class name="Cfeconcept.LoginFrontOffice">
        <test-method signature="BlackRifleNavigation()[pri:0, instance:Cfeconcept.LoginFrontOffice@313b2ea6]" started-at="2018-11-29T10:04:55Z" name="BlackRifleNavigation" finished-at="2018-11-29T10:05:02Z" duration-ms="7275" status="PASS">
          <reporter-output>
          </reporter-output>
        </test-method> <!-- BlackRifleNavigation -->
      </class> <!-- Cfeconcept.LoginFrontOffice -->
    </test> <!-- Default test -->
  </suite> <!-- Default suite -->
</testng-results>
