<?xml version="1.0" encoding="UTF-8"?>
<testng-results ignored="0" total="1" passed="1" failed="0" skipped="0">
  <reporter-output>
  </reporter-output>
  <suite started-at="2018-07-05T14:14:53Z" name="Default suite" finished-at="2018-07-05T14:15:39Z" duration-ms="45568">
    <groups>
    </groups>
    <test started-at="2018-07-05T14:14:53Z" name="Default test" finished-at="2018-07-05T14:15:39Z" duration-ms="45568">
      <class name="sheppey_pride.PageLoad">
        <test-method signature="PageLoad()[pri:0, instance:sheppey_pride.PageLoad@38102d01]" started-at="2018-07-05T14:14:54Z" name="PageLoad" finished-at="2018-07-05T14:15:39Z" duration-ms="45522" status="PASS">
          <reporter-output>
          </reporter-output>
        </test-method> <!-- PageLoad -->
      </class> <!-- sheppey_pride.PageLoad -->
    </test> <!-- Default test -->
  </suite> <!-- Default suite -->
</testng-results>
