<?xml version="1.0" encoding="UTF-8"?>
<testng-results ignored="0" total="1" passed="1" failed="0" skipped="0">
  <reporter-output>
  </reporter-output>
  <suite started-at="2018-05-24T14:27:48Z" name="Default suite" finished-at="2018-05-24T14:28:00Z" duration-ms="12196">
    <groups>
    </groups>
    <test started-at="2018-05-24T14:27:48Z" name="Default test" finished-at="2018-05-24T14:28:00Z" duration-ms="12196">
      <class name="executionEngine.FirstTestNGFile">
        <test-method signature="verifyHomepageTitle()[pri:0, instance:executionEngine.FirstTestNGFile@37883b97]" started-at="2018-05-24T14:27:48Z" name="verifyHomepageTitle" finished-at="2018-05-24T14:28:00Z" duration-ms="12180" status="PASS">
          <reporter-output>
          </reporter-output>
        </test-method> <!-- verifyHomepageTitle -->
      </class> <!-- executionEngine.FirstTestNGFile -->
    </test> <!-- Default test -->
  </suite> <!-- Default suite -->
</testng-results>
